\BOOKMARK [1][-]{section.1}{\376\377\000I\000n\000t\000r\000o\000d\000u\000c\000t\000i\000o\000n}{}% 1
\BOOKMARK [1][-]{section.2}{\376\377\000L\000o\000g\000i\000c}{}% 2
\BOOKMARK [2][-]{subsection.2.1}{\376\377\000C\000o\000n\000n\000e\000c\000t\000i\000v\000e}{section.2}% 3
\BOOKMARK [2][-]{subsection.2.2}{\376\377\000Q\000u\000a\000n\000t\000i\000f\000i\000e\000r\000s}{section.2}% 4
\BOOKMARK [2][-]{subsection.2.3}{\376\377\000P\000r\000a\000c\000t\000i\000c\000a\000l\000\040\000s\000e\000n\000t\000e\000n\000c\000e\000s\000,\000\040\000a\000n\000d\000\040\000h\000o\000w\000\040\000t\000o\000\040\000d\000o\000\040\000p\000r\000o\000o\000f\000s}{section.2}% 5
\BOOKMARK [3][-]{subsubsection.2.3.1}{\376\377\000W\000h\000a\000t\000\040\000i\000s\000\040\000a\000\040\000p\000r\000o\000o\000f\000?}{subsection.2.3}% 6
\BOOKMARK [3][-]{subsubsection.2.3.2}{\376\377\000C\000o\000n\000s\000t\000r\000u\000c\000t\000i\000n\000g\000\040\000p\000r\000o\000o\000f\000s}{subsection.2.3}% 7
\BOOKMARK [3][-]{subsubsection.2.3.3}{\376\377\000D\000e\000s\000t\000r\000u\000c\000t\000i\000n\000g\000\040\000p\000r\000o\000o\000f\000s}{subsection.2.3}% 8
\BOOKMARK [3][-]{subsubsection.2.3.4}{\376\377\000O\000n\000\040\000s\000o\000m\000e\000\040\000o\000f\000\040\000t\000h\000e\000\040\000n\000o\000t\000a\000t\000i\000o\000n\000s}{subsection.2.3}% 9
\BOOKMARK [1][-]{section.3}{\376\377\000S\000e\000t\000s\000\040\000a\000n\000d\000\040\000f\000u\000n\000c\000t\000i\000o\000n\000s}{}% 10
\BOOKMARK [2][-]{subsection.3.1}{\376\377\000S\000e\000t\000s}{section.3}% 11
\BOOKMARK [2][-]{subsection.3.2}{\376\377\000F\000u\000n\000c\000t\000i\000o\000n\000s}{section.3}% 12
\BOOKMARK [2][-]{subsection.3.3}{\376\377\000E\000q\000u\000i\000v\000a\000l\000e\000n\000c\000e\000\040\000r\000e\000l\000a\000t\000i\000o\000n\000s}{section.3}% 13
\BOOKMARK [1][-]{section.4}{\376\377\000G\000r\000o\000u\000p\000\040\000t\000h\000e\000o\000r\000y}{}% 14
\BOOKMARK [2][-]{subsection.4.1}{\376\377\000M\000o\000n\000o\000i\000d\000s}{section.4}% 15
\BOOKMARK [2][-]{subsection.4.2}{\376\377\000G\000r\000o\000u\000p\000s}{section.4}% 16
\BOOKMARK [3][-]{subsubsection.4.2.1}{\376\377\000G\000e\000n\000e\000r\000a\000l\000\040\000t\000h\000e\000o\000r\000y\000\040\000o\000f\000\040\000g\000r\000o\000u\000p\000s}{subsection.4.2}% 17
\BOOKMARK [3][-]{subsubsection.4.2.2}{\376\377\000F\000i\000n\000i\000t\000e\000\040\000g\000r\000o\000u\000p\000\040\000t\000h\000e\000o\000r\000y}{subsection.4.2}% 18
\BOOKMARK [3][-]{subsubsection.4.2.3}{\376\377\000C\000y\000c\000l\000i\000c\000\040\000g\000r\000o\000u\000p\000s}{subsection.4.2}% 19
\BOOKMARK [2][-]{subsection.4.3}{\376\377\000A\000p\000p\000l\000i\000c\000a\000t\000i\000o\000n\000\040\000t\000o\000\040\000a\000r\000i\000t\000h\000m\000e\000t\000i\000c}{section.4}% 20
